android/app/build/intermediates/manifest_merge_blame_file/debug/manifest-merger-blame-debug-report.txt
1<?xml version="1.0" encoding="utf-8"?>
2<manifest xmlns:android="http://schemas.android.com/apk/res/android"
3    package="com.synergy"
4    android:versionCode="1"
5    android:versionName="1.0" >
6
7    <uses-sdk
8        android:minSdkVersion="21"
9        android:targetSdkVersion="33" />
10
11    <uses-permission android:name="android.permission.SYSTEM_ALERT_WINDOW" />
11-->src/debug/AndroidManifest.xml:5:5-77
11-->src/debug/AndroidManifest.xml:5:22-75
12    <uses-permission android:name="android.permission.INTERNET" />
12-->src/main/AndroidManifest.xml:3:5-67
12-->src/main/AndroidManifest.xml:3:22-64
13    <uses-permission android:name="android.permission.ACCESS_WIFI_STATE" />
13-->src/main/AndroidManifest.xml:4:5-76
13-->src/main/AndroidManifest.xml:4:22-73
14    <uses-permission android:name="android.permission.RECORD_AUDIO" />
14-->src/main/AndroidManifest.xml:5:5-71
14-->src/main/AndroidManifest.xml:5:22-68
15    <uses-permission android:name="android.permission.INTERNET" />
15-->src/main/AndroidManifest.xml:3:5-67
15-->src/main/AndroidManifest.xml:3:22-64
16    <uses-permission android:name="android.permission.ACCESS_NETWORK_STATE" />
16-->src/main/AndroidManifest.xml:7:5-79
16-->src/main/AndroidManifest.xml:7:22-76
17    <uses-permission android:name="android.permission.CAMERA" />
17-->src/main/AndroidManifest.xml:8:5-65
17-->src/main/AndroidManifest.xml:8:22-62
18    <uses-permission android:name="android.permission.BLUETOOTH" />
18-->src/main/AndroidManifest.xml:9:5-68
18-->src/main/AndroidManifest.xml:9:22-65
19    <uses-permission android:name="android.permission.MODIFY_AUDIO_SETTINGS" />
19-->src/main/AndroidManifest.xml:10:5-80
19-->src/main/AndroidManifest.xml:10:22-77
20    <uses-permission android:name="android.permission.WRITE_EXTERNAL_STORAGE" />
20-->src/main/AndroidManifest.xml:11:5-81
20-->src/main/AndroidManifest.xml:11:22-78
21    <uses-permission
21-->src/main/AndroidManifest.xml:12:5-75
22        android:name="android.permission.READ_PHONE_STATE"
22-->src/main/AndroidManifest.xml:12:22-72
23        android:maxSdkVersion="29" />
23-->[:zegocloud_react-native-callkeep] AndroidManifest.xml:10:9-35
24    <uses-permission android:name="android.permission.WAKE_LOCK" />
24-->src/main/AndroidManifest.xml:13:5-68
24-->src/main/AndroidManifest.xml:13:22-65
25    <uses-permission android:name="android.permission.VIBRATE" />
25-->src/main/AndroidManifest.xml:14:5-65
25-->src/main/AndroidManifest.xml:14:22-63
26    <uses-permission android:name="android.permission.GET_TASKS" />
26-->src/main/AndroidManifest.xml:15:5-68
26-->src/main/AndroidManifest.xml:15:22-65
27    <uses-permission android:name="android.permission.BIND_TELECOM_CONNECTION_SERVICE" />
27-->src/main/AndroidManifest.xml:16:5-89
27-->src/main/AndroidManifest.xml:16:22-87
28    <uses-permission android:name="android.permission.FOREGROUND_SERVICE" />
28-->src/main/AndroidManifest.xml:17:5-77
28-->src/main/AndroidManifest.xml:17:22-74
29    <uses-permission android:name="android.permission.CALL_PHONE" />
29-->src/main/AndroidManifest.xml:18:5-69
29-->src/main/AndroidManifest.xml:18:22-66
30    <uses-permission android:name="android.permission.DISABLE_KEYGUARD" />
30-->src/main/AndroidManifest.xml:19:5-74
30-->src/main/AndroidManifest.xml:19:22-72
31    <uses-permission android:name="android.permission.READ_PHONE_NUMBERS" />
31-->[:zegocloud_react-native-callkeep] AndroidManifest.xml:11:5-77
31-->[:zegocloud_react-native-callkeep] AndroidManifest.xml:11:22-74
32    <uses-permission android:name="android.permission.MANAGE_OWN_CALLS" />
32-->[:zegocloud_react-native-callkeep] AndroidManifest.xml:12:5-75
32-->[:zegocloud_react-native-callkeep] AndroidManifest.xml:12:22-72
33    <uses-permission android:name="android.permission.READ_EXTERNAL_STORAGE" />
34
35    <queries>
35-->[:react-native-image-crop-picker] AndroidManifest.xml:7:5-11:15
36        <intent>
36-->[:react-native-image-crop-picker] AndroidManifest.xml:8:9-10:18
37            <action android:name="android.media.action.IMAGE_CAPTURE" />
37-->[:react-native-image-crop-picker] AndroidManifest.xml:9:13-73
37-->[:react-native-image-crop-picker] AndroidManifest.xml:9:21-70
38        </intent>
39        <intent>
39-->[im.zego:zpns:2.4.0] AndroidManifest.xml:18:9-20:18
40            <action android:name="com.huawei.hms.core.aidlservice" />
40-->[im.zego:zpns:2.4.0] AndroidManifest.xml:19:13-70
40-->[im.zego:zpns:2.4.0] AndroidManifest.xml:19:21-67
41        </intent>
42    </queries>
43
44    <uses-permission android:name="android.permission.RECEIVE_BOOT_COMPLETED" />
44-->[androidx.work:work-runtime:2.7.1] AndroidManifest.xml:27:5-81
44-->[androidx.work:work-runtime:2.7.1] AndroidManifest.xml:27:22-78
45    <uses-permission android:name="android.permission.USE_FULL_SCREEN_INTENT" />
45-->[app.notifee:core:202108261754] AndroidManifest.xml:15:5-81
45-->[app.notifee:core:202108261754] AndroidManifest.xml:15:22-78
46    <uses-permission android:name="android.permission.SCHEDULE_EXACT_ALARM" />
46-->[app.notifee:core:202108261754] AndroidManifest.xml:16:5-79
46-->[app.notifee:core:202108261754] AndroidManifest.xml:16:22-76
47    <uses-permission
47-->[app.notifee:core:202108261754] AndroidManifest.xml:17:5-19:38
48        android:name="android.permission.BROADCAST_CLOSE_SYSTEM_DIALOGS"
48-->[app.notifee:core:202108261754] AndroidManifest.xml:18:9-73
49        android:maxSdkVersion="30" />
49-->[app.notifee:core:202108261754] AndroidManifest.xml:19:9-35
50
51    <application
51-->src/main/AndroidManifest.xml:20:5-51:19
52        android:name="com.synergy.MainApplication"
52-->src/main/AndroidManifest.xml:21:7-38
53        android:allowBackup="false"
53-->src/main/AndroidManifest.xml:25:7-34
54        android:appComponentFactory="androidx.core.app.CoreComponentFactory"
54-->[androidx.core:core:1.7.0] AndroidManifest.xml:24:18-86
55        android:debuggable="true"
56        android:icon="@mipmap/ic_launcher"
56-->src/main/AndroidManifest.xml:23:7-41
57        android:label="@string/app_name"
57-->src/main/AndroidManifest.xml:22:7-39
58        android:roundIcon="@mipmap/ic_launcher_round"
58-->src/main/AndroidManifest.xml:24:7-52
59        android:testOnly="true"
60        android:theme="@style/AppTheme"
60-->src/main/AndroidManifest.xml:26:7-38
61        android:usesCleartextTraffic="true" >
61-->src/debug/AndroidManifest.xml:8:9-44
62        <activity
62-->src/debug/AndroidManifest.xml:11:9-111
63            android:name="com.facebook.react.devsupport.DevSettingsActivity"
63-->src/debug/AndroidManifest.xml:11:19-83
64            android:exported="false" />
64-->src/debug/AndroidManifest.xml:11:84-108
65
66        <service
66-->src/main/AndroidManifest.xml:28:9-37:19
67            android:name="io.wazo.callkeep.VoiceConnectionService"
67-->src/main/AndroidManifest.xml:28:18-72
68            android:exported="true"
68-->src/main/AndroidManifest.xml:32:9-32
69            android:foregroundServiceType="camera|microphone"
69-->src/main/AndroidManifest.xml:31:9-58
70            android:label="Wazo"
70-->src/main/AndroidManifest.xml:29:9-29
71            android:permission="android.permission.BIND_TELECOM_CONNECTION_SERVICE" >
71-->src/main/AndroidManifest.xml:30:9-80
72            <intent-filter>
72-->src/main/AndroidManifest.xml:34:11-36:27
73                <action android:name="android.telecom.ConnectionService" />
73-->src/main/AndroidManifest.xml:35:14-73
73-->src/main/AndroidManifest.xml:35:22-70
74            </intent-filter>
75        </service>
76
77        <activity
77-->src/main/AndroidManifest.xml:38:9-50:22
78            android:name="com.synergy.MainActivity"
78-->src/main/AndroidManifest.xml:39:13-41
79            android:configChanges="keyboard|keyboardHidden|orientation|screenLayout|screenSize|smallestScreenSize|uiMode"
79-->src/main/AndroidManifest.xml:41:13-122
80            android:exported="true"
80-->src/main/AndroidManifest.xml:44:13-36
81            android:label="@string/app_name"
81-->src/main/AndroidManifest.xml:40:13-45
82            android:launchMode="singleTask"
82-->src/main/AndroidManifest.xml:42:13-44
83            android:windowSoftInputMode="adjustResize" >
83-->src/main/AndroidManifest.xml:43:13-55
84            <intent-filter>
84-->src/main/AndroidManifest.xml:45:13-49:29
85                <action android:name="android.telecom.ConnectionService" />
85-->src/main/AndroidManifest.xml:35:14-73
85-->src/main/AndroidManifest.xml:35:22-70
86                <action android:name="android.intent.action.MAIN" />
86-->src/main/AndroidManifest.xml:47:17-69
86-->src/main/AndroidManifest.xml:47:25-66
87
88                <category android:name="android.intent.category.LAUNCHER" />
88-->src/main/AndroidManifest.xml:48:17-77
88-->src/main/AndroidManifest.xml:48:27-74
89            </intent-filter>
90        </activity>
91
92        <provider
92-->[:notifee_react-native] AndroidManifest.xml:8:9-12:40
93            android:name="io.invertase.notifee.NotifeeInitProvider"
93-->[:notifee_react-native] AndroidManifest.xml:9:13-68
94            android:authorities="com.synergy.notifee-init-provider"
94-->[:notifee_react-native] AndroidManifest.xml:10:13-73
95            android:exported="false"
95-->[:notifee_react-native] AndroidManifest.xml:11:13-37
96            android:initOrder="-100" />
96-->[:notifee_react-native] AndroidManifest.xml:12:13-37
97        <provider
97-->[:react-native-image-crop-picker] AndroidManifest.xml:16:9-24:20
98            android:name="com.reactnative.ivpusic.imagepicker.IvpusicImagePickerFileProvider"
98-->[:react-native-image-crop-picker] AndroidManifest.xml:17:13-94
99            android:authorities="com.synergy.provider"
99-->[:react-native-image-crop-picker] AndroidManifest.xml:18:13-60
100            android:exported="false"
100-->[:react-native-image-crop-picker] AndroidManifest.xml:19:13-37
101            android:grantUriPermissions="true" >
101-->[:react-native-image-crop-picker] AndroidManifest.xml:20:13-47
102            <meta-data
102-->[:react-native-image-crop-picker] AndroidManifest.xml:21:13-23:78
103                android:name="android.support.FILE_PROVIDER_PATHS"
103-->[:react-native-image-crop-picker] AndroidManifest.xml:22:17-67
104                android:resource="@xml/ivpusic_imagepicker_provider_paths" />
104-->[:react-native-image-crop-picker] AndroidManifest.xml:23:17-75
105        </provider>
106
107        <activity
107-->[:react-native-image-crop-picker] AndroidManifest.xml:26:9-28:72
108            android:name="com.yalantis.ucrop.UCropActivity"
108-->[:react-native-image-crop-picker] AndroidManifest.xml:27:13-60
109            android:theme="@style/Theme.AppCompat.Light.NoActionBar" />
109-->[:react-native-image-crop-picker] AndroidManifest.xml:28:13-69
110
111        <provider
111-->[:react-native-image-picker] AndroidManifest.xml:8:9-16:20
112            android:name="com.imagepicker.ImagePickerProvider"
112-->[:react-native-image-picker] AndroidManifest.xml:9:13-63
113            android:authorities="com.synergy.imagepickerprovider"
113-->[:react-native-image-picker] AndroidManifest.xml:10:13-71
114            android:exported="false"
114-->[:react-native-image-picker] AndroidManifest.xml:11:13-37
115            android:grantUriPermissions="true" >
115-->[:react-native-image-picker] AndroidManifest.xml:12:13-47
116            <meta-data
116-->[:react-native-image-crop-picker] AndroidManifest.xml:21:13-23:78
117                android:name="android.support.FILE_PROVIDER_PATHS"
117-->[:react-native-image-crop-picker] AndroidManifest.xml:22:17-67
118                android:resource="@xml/imagepicker_provider_paths" />
118-->[:react-native-image-crop-picker] AndroidManifest.xml:23:17-75
119        </provider>
120
121        <activity
121-->[:zego-express-engine-reactnative] AndroidManifest.xml:10:9-15:64
122            android:name="im.zego.internal.screencapture.ZegoScreenCaptureManager$ZegoScreenCaptureAssistantActivity"
122-->[:zego-express-engine-reactnative] AndroidManifest.xml:11:13-118
123            android:configChanges="screenSize|orientation"
123-->[:zego-express-engine-reactnative] AndroidManifest.xml:12:13-59
124            android:exported="false"
124-->[:zego-express-engine-reactnative] AndroidManifest.xml:13:13-37
125            android:screenOrientation="fullUser"
125-->[:zego-express-engine-reactnative] AndroidManifest.xml:14:13-49
126            android:theme="@android:style/Theme.Translucent" />
126-->[:zego-express-engine-reactnative] AndroidManifest.xml:15:13-61
127
128        <service
128-->[:zego-express-engine-reactnative] AndroidManifest.xml:17:9-25:19
129            android:name="im.zego.internal.screencapture.ZegoScreenCaptureService"
129-->[:zego-express-engine-reactnative] AndroidManifest.xml:18:13-83
130            android:enabled="true"
130-->[:zego-express-engine-reactnative] AndroidManifest.xml:19:13-35
131            android:exported="false"
131-->[:zego-express-engine-reactnative] AndroidManifest.xml:20:13-37
132            android:foregroundServiceType="mediaProjection" >
132-->[:zego-express-engine-reactnative] AndroidManifest.xml:21:13-60
133            <intent-filter>
133-->[:zego-express-engine-reactnative] AndroidManifest.xml:22:13-24:29
134                <action android:name="android.intent.action.screenshare" />
134-->[:zego-express-engine-reactnative] AndroidManifest.xml:23:17-76
134-->[:zego-express-engine-reactnative] AndroidManifest.xml:23:25-73
135            </intent-filter>
136        </service>
137
138        <receiver
138-->[:zego-zpns-react-native] AndroidManifest.xml:10:9-17:20
139            android:name="im.zego.zpns_reactnative_sdk.internal.ZPNsPluginEventHandler"
139-->[:zego-zpns-react-native] AndroidManifest.xml:11:13-88
140            android:enabled="true"
140-->[:zego-zpns-react-native] AndroidManifest.xml:12:13-35
141            android:exported="true" >
141-->[:zego-zpns-react-native] AndroidManifest.xml:13:13-36
142            <intent-filter>
142-->[:zego-zpns-react-native] AndroidManifest.xml:14:13-16:29
143                <action android:name="im.zego.zim.zpns.intent.action.MESSAGE" />
143-->[:zego-zpns-react-native] AndroidManifest.xml:15:17-81
143-->[:zego-zpns-react-native] AndroidManifest.xml:15:25-78
144            </intent-filter>
145        </receiver>
146
147        <service
147-->[:zego-zpns-react-native] AndroidManifest.xml:19:9-24:19
148            android:name="im.zego.zpns_reactnative_sdk.internal.ZPNsService"
148-->[:zego-zpns-react-native] AndroidManifest.xml:20:13-77
149            android:directBootAware="true"
149-->[:zego-zpns-react-native] AndroidManifest.xml:21:13-43
150            android:exported="false"
150-->[:zego-zpns-react-native] AndroidManifest.xml:22:13-37
151            android:permission="android.permission.BIND_JOB_SERVICE" >
151-->[:zego-zpns-react-native] AndroidManifest.xml:23:13-69
152        </service>
153
154        <meta-data
154-->[com.facebook.soloader:soloader:0.10.5] AndroidManifest.xml:12:9-14:37
155            android:name="com.facebook.soloader.enabled"
155-->[com.facebook.soloader:soloader:0.10.5] AndroidManifest.xml:13:13-57
156            android:value="false" />
156-->[com.facebook.soloader:soloader:0.10.5] AndroidManifest.xml:14:13-34
157
158        <provider
158-->[androidx.work:work-runtime:2.7.1] AndroidManifest.xml:31:9-39:20
159            android:name="androidx.startup.InitializationProvider"
159-->[androidx.work:work-runtime:2.7.1] AndroidManifest.xml:32:13-67
160            android:authorities="com.synergy.androidx-startup"
160-->[androidx.work:work-runtime:2.7.1] AndroidManifest.xml:33:13-68
161            android:exported="false" >
161-->[androidx.work:work-runtime:2.7.1] AndroidManifest.xml:34:13-37
162            <meta-data
162-->[androidx.work:work-runtime:2.7.1] AndroidManifest.xml:36:13-38:52
163                android:name="androidx.work.WorkManagerInitializer"
163-->[androidx.work:work-runtime:2.7.1] AndroidManifest.xml:37:17-68
164                android:value="androidx.startup" />
164-->[androidx.work:work-runtime:2.7.1] AndroidManifest.xml:38:17-49
165            <meta-data
165-->[androidx.emoji2:emoji2:1.0.0] AndroidManifest.xml:31:13-33:52
166                android:name="androidx.emoji2.text.EmojiCompatInitializer"
166-->[androidx.emoji2:emoji2:1.0.0] AndroidManifest.xml:32:17-75
167                android:value="androidx.startup" />
167-->[androidx.emoji2:emoji2:1.0.0] AndroidManifest.xml:33:17-49
168            <meta-data
168-->[androidx.lifecycle:lifecycle-process:2.4.0] AndroidManifest.xml:31:13-33:52
169                android:name="androidx.lifecycle.ProcessLifecycleInitializer"
169-->[androidx.lifecycle:lifecycle-process:2.4.0] AndroidManifest.xml:32:17-78
170                android:value="androidx.startup" />
170-->[androidx.lifecycle:lifecycle-process:2.4.0] AndroidManifest.xml:33:17-49
171        </provider>
172
173        <service
173-->[androidx.work:work-runtime:2.7.1] AndroidManifest.xml:41:9-46:35
174            android:name="androidx.work.impl.background.systemalarm.SystemAlarmService"
174-->[androidx.work:work-runtime:2.7.1] AndroidManifest.xml:42:13-88
175            android:directBootAware="false"
175-->[androidx.work:work-runtime:2.7.1] AndroidManifest.xml:43:13-44
176            android:enabled="@bool/enable_system_alarm_service_default"
176-->[androidx.work:work-runtime:2.7.1] AndroidManifest.xml:44:13-72
177            android:exported="false" />
177-->[androidx.work:work-runtime:2.7.1] AndroidManifest.xml:45:13-37
178        <service
178-->[androidx.work:work-runtime:2.7.1] AndroidManifest.xml:47:9-53:35
179            android:name="androidx.work.impl.background.systemjob.SystemJobService"
179-->[androidx.work:work-runtime:2.7.1] AndroidManifest.xml:48:13-84
180            android:directBootAware="false"
180-->[androidx.work:work-runtime:2.7.1] AndroidManifest.xml:49:13-44
181            android:enabled="@bool/enable_system_job_service_default"
181-->[androidx.work:work-runtime:2.7.1] AndroidManifest.xml:50:13-70
182            android:exported="true"
182-->[androidx.work:work-runtime:2.7.1] AndroidManifest.xml:51:13-36
183            android:permission="android.permission.BIND_JOB_SERVICE" />
183-->[androidx.work:work-runtime:2.7.1] AndroidManifest.xml:52:13-69
184        <service
184-->[androidx.work:work-runtime:2.7.1] AndroidManifest.xml:54:9-59:35
185            android:name="androidx.work.impl.foreground.SystemForegroundService"
185-->[androidx.work:work-runtime:2.7.1] AndroidManifest.xml:55:13-81
186            android:directBootAware="false"
186-->[androidx.work:work-runtime:2.7.1] AndroidManifest.xml:56:13-44
187            android:enabled="@bool/enable_system_foreground_service_default"
187-->[androidx.work:work-runtime:2.7.1] AndroidManifest.xml:57:13-77
188            android:exported="false" />
188-->[androidx.work:work-runtime:2.7.1] AndroidManifest.xml:58:13-37
189
190        <receiver
190-->[androidx.work:work-runtime:2.7.1] AndroidManifest.xml:61:9-66:35
191            android:name="androidx.work.impl.utils.ForceStopRunnable$BroadcastReceiver"
191-->[androidx.work:work-runtime:2.7.1] AndroidManifest.xml:62:13-88
192            android:directBootAware="false"
192-->[androidx.work:work-runtime:2.7.1] AndroidManifest.xml:63:13-44
193            android:enabled="true"
193-->[androidx.work:work-runtime:2.7.1] AndroidManifest.xml:64:13-35
194            android:exported="false" />
194-->[androidx.work:work-runtime:2.7.1] AndroidManifest.xml:65:13-37
195        <receiver
195-->[androidx.work:work-runtime:2.7.1] AndroidManifest.xml:67:9-77:20
196            android:name="androidx.work.impl.background.systemalarm.ConstraintProxy$BatteryChargingProxy"
196-->[androidx.work:work-runtime:2.7.1] AndroidManifest.xml:68:13-106
197            android:directBootAware="false"
197-->[androidx.work:work-runtime:2.7.1] AndroidManifest.xml:69:13-44
198            android:enabled="false"
198-->[androidx.work:work-runtime:2.7.1] AndroidManifest.xml:70:13-36
199            android:exported="false" >
199-->[androidx.work:work-runtime:2.7.1] AndroidManifest.xml:71:13-37
200            <intent-filter>
200-->[androidx.work:work-runtime:2.7.1] AndroidManifest.xml:73:13-76:29
201                <action android:name="android.intent.action.ACTION_POWER_CONNECTED" />
201-->[androidx.work:work-runtime:2.7.1] AndroidManifest.xml:74:17-87
201-->[androidx.work:work-runtime:2.7.1] AndroidManifest.xml:74:25-84
202                <action android:name="android.intent.action.ACTION_POWER_DISCONNECTED" />
202-->[androidx.work:work-runtime:2.7.1] AndroidManifest.xml:75:17-90
202-->[androidx.work:work-runtime:2.7.1] AndroidManifest.xml:75:25-87
203            </intent-filter>
204        </receiver>
205        <receiver
205-->[androidx.work:work-runtime:2.7.1] AndroidManifest.xml:78:9-88:20
206            android:name="androidx.work.impl.background.systemalarm.ConstraintProxy$BatteryNotLowProxy"
206-->[androidx.work:work-runtime:2.7.1] AndroidManifest.xml:79:13-104
207            android:directBootAware="false"
207-->[androidx.work:work-runtime:2.7.1] AndroidManifest.xml:80:13-44
208            android:enabled="false"
208-->[androidx.work:work-runtime:2.7.1] AndroidManifest.xml:81:13-36
209            android:exported="false" >
209-->[androidx.work:work-runtime:2.7.1] AndroidManifest.xml:82:13-37
210            <intent-filter>
210-->[androidx.work:work-runtime:2.7.1] AndroidManifest.xml:84:13-87:29
211                <action android:name="android.intent.action.BATTERY_OKAY" />
211-->[androidx.work:work-runtime:2.7.1] AndroidManifest.xml:85:17-77
211-->[androidx.work:work-runtime:2.7.1] AndroidManifest.xml:85:25-74
212                <action android:name="android.intent.action.BATTERY_LOW" />
212-->[androidx.work:work-runtime:2.7.1] AndroidManifest.xml:86:17-76
212-->[androidx.work:work-runtime:2.7.1] AndroidManifest.xml:86:25-73
213            </intent-filter>
214        </receiver>
215        <receiver
215-->[androidx.work:work-runtime:2.7.1] AndroidManifest.xml:89:9-99:20
216            android:name="androidx.work.impl.background.systemalarm.ConstraintProxy$StorageNotLowProxy"
216-->[androidx.work:work-runtime:2.7.1] AndroidManifest.xml:90:13-104
217            android:directBootAware="false"
217-->[androidx.work:work-runtime:2.7.1] AndroidManifest.xml:91:13-44
218            android:enabled="false"
218-->[androidx.work:work-runtime:2.7.1] AndroidManifest.xml:92:13-36
219            android:exported="false" >
219-->[androidx.work:work-runtime:2.7.1] AndroidManifest.xml:93:13-37
220            <intent-filter>
220-->[androidx.work:work-runtime:2.7.1] AndroidManifest.xml:95:13-98:29
221                <action android:name="android.intent.action.DEVICE_STORAGE_LOW" />
221-->[androidx.work:work-runtime:2.7.1] AndroidManifest.xml:96:17-83
221-->[androidx.work:work-runtime:2.7.1] AndroidManifest.xml:96:25-80
222                <action android:name="android.intent.action.DEVICE_STORAGE_OK" />
222-->[androidx.work:work-runtime:2.7.1] AndroidManifest.xml:97:17-82
222-->[androidx.work:work-runtime:2.7.1] AndroidManifest.xml:97:25-79
223            </intent-filter>
224        </receiver>
225        <receiver
225-->[androidx.work:work-runtime:2.7.1] AndroidManifest.xml:100:9-109:20
226            android:name="androidx.work.impl.background.systemalarm.ConstraintProxy$NetworkStateProxy"
226-->[androidx.work:work-runtime:2.7.1] AndroidManifest.xml:101:13-103
227            android:directBootAware="false"
227-->[androidx.work:work-runtime:2.7.1] AndroidManifest.xml:102:13-44
228            android:enabled="false"
228-->[androidx.work:work-runtime:2.7.1] AndroidManifest.xml:103:13-36
229            android:exported="false" >
229-->[androidx.work:work-runtime:2.7.1] AndroidManifest.xml:104:13-37
230            <intent-filter>
230-->[androidx.work:work-runtime:2.7.1] AndroidManifest.xml:106:13-108:29
231                <action android:name="android.net.conn.CONNECTIVITY_CHANGE" />
231-->[androidx.work:work-runtime:2.7.1] AndroidManifest.xml:107:17-79
231-->[androidx.work:work-runtime:2.7.1] AndroidManifest.xml:107:25-76
232            </intent-filter>
233        </receiver>
234        <receiver
234-->[androidx.work:work-runtime:2.7.1] AndroidManifest.xml:110:9-121:20
235            android:name="androidx.work.impl.background.systemalarm.RescheduleReceiver"
235-->[androidx.work:work-runtime:2.7.1] AndroidManifest.xml:111:13-88
236            android:directBootAware="false"
236-->[androidx.work:work-runtime:2.7.1] AndroidManifest.xml:112:13-44
237            android:enabled="false"
237-->[androidx.work:work-runtime:2.7.1] AndroidManifest.xml:113:13-36
238            android:exported="false" >
238-->[androidx.work:work-runtime:2.7.1] AndroidManifest.xml:114:13-37
239            <intent-filter>
239-->[androidx.work:work-runtime:2.7.1] AndroidManifest.xml:116:13-120:29
240                <action android:name="android.intent.action.BOOT_COMPLETED" />
240-->[androidx.work:work-runtime:2.7.1] AndroidManifest.xml:117:17-79
240-->[androidx.work:work-runtime:2.7.1] AndroidManifest.xml:117:25-76
241                <action android:name="android.intent.action.TIME_SET" />
241-->[androidx.work:work-runtime:2.7.1] AndroidManifest.xml:118:17-73
241-->[androidx.work:work-runtime:2.7.1] AndroidManifest.xml:118:25-70
242                <action android:name="android.intent.action.TIMEZONE_CHANGED" />
242-->[androidx.work:work-runtime:2.7.1] AndroidManifest.xml:119:17-81
242-->[androidx.work:work-runtime:2.7.1] AndroidManifest.xml:119:25-78
243            </intent-filter>
244        </receiver>
245        <receiver
245-->[androidx.work:work-runtime:2.7.1] AndroidManifest.xml:122:9-131:20
246            android:name="androidx.work.impl.background.systemalarm.ConstraintProxyUpdateReceiver"
246-->[androidx.work:work-runtime:2.7.1] AndroidManifest.xml:123:13-99
247            android:directBootAware="false"
247-->[androidx.work:work-runtime:2.7.1] AndroidManifest.xml:124:13-44
248            android:enabled="@bool/enable_system_alarm_service_default"
248-->[androidx.work:work-runtime:2.7.1] AndroidManifest.xml:125:13-72
249            android:exported="false" >
249-->[androidx.work:work-runtime:2.7.1] AndroidManifest.xml:126:13-37
250            <intent-filter>
250-->[androidx.work:work-runtime:2.7.1] AndroidManifest.xml:128:13-130:29
251                <action android:name="androidx.work.impl.background.systemalarm.UpdateProxies" />
251-->[androidx.work:work-runtime:2.7.1] AndroidManifest.xml:129:17-98
251-->[androidx.work:work-runtime:2.7.1] AndroidManifest.xml:129:25-95
252            </intent-filter>
253        </receiver>
254        <receiver
254-->[androidx.work:work-runtime:2.7.1] AndroidManifest.xml:132:9-142:20
255            android:name="androidx.work.impl.diagnostics.DiagnosticsReceiver"
255-->[androidx.work:work-runtime:2.7.1] AndroidManifest.xml:133:13-78
256            android:directBootAware="false"
256-->[androidx.work:work-runtime:2.7.1] AndroidManifest.xml:134:13-44
257            android:enabled="true"
257-->[androidx.work:work-runtime:2.7.1] AndroidManifest.xml:135:13-35
258            android:exported="true"
258-->[androidx.work:work-runtime:2.7.1] AndroidManifest.xml:136:13-36
259            android:permission="android.permission.DUMP" >
259-->[androidx.work:work-runtime:2.7.1] AndroidManifest.xml:137:13-57
260            <intent-filter>
260-->[androidx.work:work-runtime:2.7.1] AndroidManifest.xml:139:13-141:29
261                <action android:name="androidx.work.diagnostics.REQUEST_DIAGNOSTICS" />
261-->[androidx.work:work-runtime:2.7.1] AndroidManifest.xml:140:17-88
261-->[androidx.work:work-runtime:2.7.1] AndroidManifest.xml:140:25-85
262            </intent-filter>
263        </receiver>
264
265        <service
265-->[androidx.room:room-runtime:2.2.5] AndroidManifest.xml:25:9-28:40
266            android:name="androidx.room.MultiInstanceInvalidationService"
266-->[androidx.room:room-runtime:2.2.5] AndroidManifest.xml:26:13-74
267            android:directBootAware="true"
267-->[androidx.room:room-runtime:2.2.5] AndroidManifest.xml:27:13-43
268            android:exported="false" />
268-->[androidx.room:room-runtime:2.2.5] AndroidManifest.xml:28:13-37
269
270        <activity
270-->[com.google.android.gms:play-services-auth:20.5.0] AndroidManifest.xml:23:9-27:75
271            android:name="com.google.android.gms.auth.api.signin.internal.SignInHubActivity"
271-->[com.google.android.gms:play-services-auth:20.5.0] AndroidManifest.xml:24:13-93
272            android:excludeFromRecents="true"
272-->[com.google.android.gms:play-services-auth:20.5.0] AndroidManifest.xml:25:13-46
273            android:exported="false"
273-->[com.google.android.gms:play-services-auth:20.5.0] AndroidManifest.xml:26:13-37
274            android:theme="@android:style/Theme.Translucent.NoTitleBar" />
274-->[com.google.android.gms:play-services-auth:20.5.0] AndroidManifest.xml:27:13-72
275        <!--
276            Service handling Google Sign-In user revocation. For apps that do not integrate with
277            Google Sign-In, this service will never be started.
278        -->
279        <service
279-->[com.google.android.gms:play-services-auth:20.5.0] AndroidManifest.xml:33:9-37:51
280            android:name="com.google.android.gms.auth.api.signin.RevocationBoundService"
280-->[com.google.android.gms:play-services-auth:20.5.0] AndroidManifest.xml:34:13-89
281            android:exported="true"
281-->[com.google.android.gms:play-services-auth:20.5.0] AndroidManifest.xml:35:13-36
282            android:permission="com.google.android.gms.auth.api.signin.permission.REVOCATION_NOTIFICATION"
282-->[com.google.android.gms:play-services-auth:20.5.0] AndroidManifest.xml:36:13-107
283            android:visibleToInstantApps="true" />
283-->[com.google.android.gms:play-services-auth:20.5.0] AndroidManifest.xml:37:13-48
284
285        <activity
285-->[com.google.android.gms:play-services-base:18.0.1] AndroidManifest.xml:20:9-22:45